<?xml version="1.0" encoding="UTF-8"?>
<!-- Generated by org.testng.reporters.JUnitReportReporter -->
<testsuite hostname="EN1310044" name="unitTests.MockitoCheckNameTest" tests="1" failures="0" timestamp="16 Nov 2018 13:26:18 GMT" time="0.125" errors="0">
  <testcase name="checkDate" time="0.125" classname="unitTests.MockitoCheckNameTest"/>
</testsuite> <!-- unitTests.MockitoCheckNameTest -->
